\BOOKMARK [1][-]{section.1}{\376\377\000I\000n\000t\000r\000o\000d\000u\000c\000t\000i\000e}{}% 1
\BOOKMARK [1][-]{section.2}{\376\377\000G\000l\000o\000b\000a\000a\000l\000\040\000A\000f\000h\000a\000n\000k\000e\000l\000i\000j\000k\000h\000e\000i\000d\000s\000d\000i\000a\000g\000r\000a\000m}{}% 2
\BOOKMARK [1][-]{section.3}{\376\377\000R\000a\000i\000l\000w\000a\000y}{}% 3
\BOOKMARK [2][-]{subsection.3.1}{\376\377\000A\000f\000h\000a\000n\000k\000e\000l\000i\000j\000k\000h\000e\000i\000d\000s\000d\000i\000a\000g\000r\000a\000m}{section.3}% 4
\BOOKMARK [2][-]{subsection.3.2}{\376\377\000M\000a\000i\000n}{section.3}% 5
\BOOKMARK [2][-]{subsection.3.3}{\376\377\000C\000r\000o\000s\000s\000i\000n\000g}{section.3}% 6
\BOOKMARK [2][-]{subsection.3.4}{\376\377\000D\000e\000t\000e\000c\000t\000i\000o\000n\000-\000b\000l\000o\000c\000k}{section.3}% 7
\BOOKMARK [2][-]{subsection.3.5}{\376\377\000L\000i\000g\000h\000t}{section.3}% 8
\BOOKMARK [2][-]{subsection.3.6}{\376\377\000S\000e\000g\000m\000e\000n\000t}{section.3}% 9
\BOOKMARK [2][-]{subsection.3.7}{\376\377\000S\000w\000i\000t\000c\000h}{section.3}% 10
\BOOKMARK [2][-]{subsection.3.8}{\376\377\000S\000w\000i\000t\000c\000h\000-\0003\000w\000a\000y}{section.3}% 11
\BOOKMARK [2][-]{subsection.3.9}{\376\377\000S\000w\000i\000t\000c\000h\000-\000c\000r\000o\000s\000s}{section.3}% 12
\BOOKMARK [2][-]{subsection.3.10}{\376\377\000T\000r\000a\000i\000n}{section.3}% 13
\BOOKMARK [1][-]{section.4}{\376\377\000I\000n\000f\000r\000a\000b\000e\000l}{}% 14
\BOOKMARK [2][-]{subsection.4.1}{\376\377\000A\000f\000h\000a\000n\000k\000e\000l\000i\000j\000k\000h\000e\000i\000d\000s\000d\000i\000a\000g\000r\000a\000m}{section.4}% 15
\BOOKMARK [2][-]{subsection.4.2}{\376\377\000M\000a\000i\000n}{section.4}% 16
\BOOKMARK [2][-]{subsection.4.3}{\376\377\000G\000U\000I}{section.4}% 17
\BOOKMARK [3][-]{subsubsection.4.3.1}{\376\377\000S\000t\000a\000r\000t\000u\000p}{subsection.4.3}% 18
\BOOKMARK [3][-]{subsubsection.4.3.2}{\376\377\000A\000d\000m\000i\000n\000-\000d\000e\000b\000u\000g}{subsection.4.3}% 19
\BOOKMARK [2][-]{subsection.4.4}{\376\377\000L\000o\000g\000i\000c}{section.4}% 20
\BOOKMARK [3][-]{subsubsection.4.4.1}{\376\377\000A\000p\000p}{subsection.4.4}% 21
\BOOKMARK [3][-]{subsubsection.4.4.2}{\376\377\000S\000t\000a\000r\000t\000u\000p}{subsection.4.4}% 22
\BOOKMARK [3][-]{subsubsection.4.4.3}{\376\377\000T\000C\000P}{subsection.4.4}% 23
\BOOKMARK [3][-]{subsubsection.4.4.4}{\376\377\000U\000D\000P}{subsection.4.4}% 24
\BOOKMARK [3][-]{subsubsection.4.4.5}{\376\377\000C\000o\000l\000l\000i\000s\000i\000o\000n\000-\000d\000e\000t\000e\000c\000t\000o\000r}{subsection.4.4}% 25
\BOOKMARK [3][-]{subsubsection.4.4.6}{\376\377\000S\000i\000g\000n\000a\000l\000i\000s\000a\000t\000o\000r}{subsection.4.4}% 26
\BOOKMARK [3][-]{subsubsection.4.4.7}{\376\377\000C\000o\000n\000c\000u\000r\000r\000e\000n\000c\000y}{subsection.4.4}% 27
\BOOKMARK [1][-]{section.5}{\376\377\000P\000r\000o\000v\000i\000d\000e\000r}{}% 28
\BOOKMARK [2][-]{subsection.5.1}{\376\377\000A\000f\000h\000a\000n\000k\000e\000l\000i\000j\000k\000h\000e\000i\000d\000s\000d\000i\000a\000g\000r\000a\000m}{section.5}% 29
\BOOKMARK [2][-]{subsection.5.2}{\376\377\000M\000a\000i\000n}{section.5}% 30
\BOOKMARK [2][-]{subsection.5.3}{\376\377\000G\000U\000I}{section.5}% 31
\BOOKMARK [3][-]{subsubsection.5.3.1}{\376\377\000S\000t\000a\000r\000t\000u\000p}{subsection.5.3}% 32
\BOOKMARK [3][-]{subsubsection.5.3.2}{\376\377\000C\000o\000m\000m\000a\000n\000d\000\046\000C\000o\000n\000t\000r\000o\000l}{subsection.5.3}% 33
\BOOKMARK [2][-]{subsection.5.4}{\376\377\000L\000o\000g\000i\000c}{section.5}% 34
\BOOKMARK [3][-]{subsubsection.5.4.1}{\376\377\000A\000p\000p}{subsection.5.4}% 35
\BOOKMARK [3][-]{subsubsection.5.4.2}{\376\377\000S\000t\000a\000r\000t\000u\000p}{subsection.5.4}% 36
\BOOKMARK [3][-]{subsubsection.5.4.3}{\376\377\000T\000C\000P}{subsection.5.4}% 37
\BOOKMARK [3][-]{subsubsection.5.4.4}{\376\377\000R\000o\000u\000t\000e\000-\000c\000a\000l\000c\000u\000l\000a\000t\000o\000r}{subsection.5.4}% 38
\BOOKMARK [3][-]{subsubsection.5.4.5}{\376\377\000C\000o\000n\000c\000u\000r\000r\000e\000n\000c\000y}{subsection.5.4}% 39
\BOOKMARK [3][-]{subsubsection.5.4.6}{\376\377\000T\000i\000m\000e\000t\000a\000b\000l\000e\000s}{subsection.5.4}% 40
